# JRE version: OpenJDK Runtime Environment (8.0_242-b01) (build 1.8.0_242-release-1644-b01)
# Java VM: OpenJDK 64-Bit Server VM (25.242-b01 mixed mode windows-amd64 compressed oops)
Heap:
 PSYoungGen      total 618496K, used 102021K [0x00000000d5580000, 0x00000000ffa00000, 0x0000000100000000)
  eden space 553472K, 12% used [0x00000000d5580000,0x00000000d987b4a0,0x00000000f7200000)
  from space 65024K, 51% used [0x00000000fba80000,0x00000000fdb26090,0x00000000ffa00000)
  to   space 69120K, 0% used [0x00000000f7200000,0x00000000f7200000,0x00000000fb580000)
 ParOldGen       total 400896K, used 355964K [0x0000000080000000, 0x0000000098780000, 0x00000000d5580000)
  object space 400896K, 88% used [0x0000000080000000,0x0000000095b9f080,0x0000000098780000)
 Metaspace       used 110409K, capacity 118428K, committed 118808K, reserved 1153024K
  class space    used 13738K, capacity 15173K, committed 15400K, reserved 1048576K
GC Heap History (10 events):
Event: 14902.032 GC heap before
{Heap before GC invocations=266 (full 20):
 PSYoungGen      total 611840K, used 545748K [0x00000000d5580000, 0x00000000fff00000, 0x0000000100000000)
  eden space 533504K, 100% used [0x00000000d5580000,0x00000000f5e80000,0x00000000f5e80000)
  from space 78336K, 15% used [0x00000000f5e80000,0x00000000f6a75280,0x00000000fab00000)
  to   space 75776K, 0% used [0x00000000fb500000,0x00000000fb500000,0x00000000fff00000)
 ParOldGen       total 400896K, used 306918K [0x0000000080000000, 0x0000000098780000, 0x00000000d5580000)
  object space 400896K, 76% used [0x0000000080000000,0x0000000092bb9968,0x0000000098780000)
 Metaspace       used 110319K, capacity 118330K, committed 118808K, reserved 1153024K
  class space    used 13735K, capacity 15168K, committed 15400K, reserved 1048576K
Event: 14902.067 GC heap after
Heap after GC invocations=266 (full 20):
 PSYoungGen      total 615936K, used 6912K [0x00000000d5580000, 0x00000000ffa80000, 0x0000000100000000)
  eden space 544768K, 0% used [0x00000000d5580000,0x00000000d5580000,0x00000000f6980000)
  from space 71168K, 9% used [0x00000000fb500000,0x00000000fbbc0000,0x00000000ffa80000)
  to   space 74240K, 0% used [0x00000000f6980000,0x00000000f6980000,0x00000000fb200000)
 ParOldGen       total 400896K, used 318042K [0x0000000080000000, 0x0000000098780000, 0x00000000d5580000)
  object space 400896K, 79% used [0x0000000080000000,0x0000000093696938,0x0000000098780000)
 Metaspace       used 110319K, capacity 118330K, committed 118808K, reserved 1153024K
  class space    used 13735K, capacity 15168K, committed 15400K, reserved 1048576K
}
Event: 14902.985 GC heap before
{Heap before GC invocations=267 (full 20):
 PSYoungGen      total 615936K, used 551680K [0x00000000d5580000, 0x00000000ffa80000, 0x0000000100000000)
  eden space 544768K, 100% used [0x00000000d5580000,0x00000000f6980000,0x00000000f6980000)
  from space 71168K, 9% used [0x00000000fb500000,0x00000000fbbc0000,0x00000000ffa80000)
  to   space 74240K, 0% used [0x00000000f6980000,0x00000000f6980000,0x00000000fb200000)
 ParOldGen       total 400896K, used 318042K [0x0000000080000000, 0x0000000098780000, 0x00000000d5580000)
  object space 400896K, 79% used [0x0000000080000000,0x0000000093696938,0x0000000098780000)
 Metaspace       used 110319K, capacity 118330K, committed 118808K, reserved 1153024K
  class space    used 13735K, capacity 15168K, committed 15400K, reserved 1048576K
Event: 14903.017 GC heap after
Heap after GC invocations=267 (full 20):
 PSYoungGen      total 619008K, used 11930K [0x00000000d5580000, 0x00000000ffd00000, 0x0000000100000000)
  eden space 544768K, 0% used [0x00000000d5580000,0x00000000d5580000,0x00000000f6980000)
  from space 74240K, 16% used [0x00000000f6980000,0x00000000f7526ad8,0x00000000fb200000)
  to   space 71168K, 0% used [0x00000000fb780000,0x00000000fb780000,0x00000000ffd00000)
 ParOldGen       total 400896K, used 322812K [0x0000000080000000, 0x0000000098780000, 0x00000000d5580000)
  object space 400896K, 80% used [0x0000000080000000,0x0000000093b3f250,0x0000000098780000)
 Metaspace       used 110319K, capacity 118330K, committed 118808K, reserved 1153024K
  class space    used 13735K, capacity 15168K, committed 15400K, reserved 1048576K
}
Event: 14904.169 GC heap before
{Heap before GC invocations=268 (full 20):
 PSYoungGen      total 619008K, used 556698K [0x00000000d5580000, 0x00000000ffd00000, 0x0000000100000000)
  eden space 544768K, 100% used [0x00000000d5580000,0x00000000f6980000,0x00000000f6980000)
  from space 74240K, 16% used [0x00000000f6980000,0x00000000f7526ad8,0x00000000fb200000)
  to   space 71168K, 0% used [0x00000000fb780000,0x00000000fb780000,0x00000000ffd00000)
 ParOldGen       total 400896K, used 322812K [0x0000000080000000, 0x0000000098780000, 0x00000000d5580000)
  object space 400896K, 80% used [0x0000000080000000,0x0000000093b3f250,0x0000000098780000)
 Metaspace       used 110319K, capacity 118330K, committed 118808K, reserved 1153024K
  class space    used 13735K, capacity 15168K, committed 15400K, reserved 1048576K
Event: 14904.288 GC heap after
Heap after GC invocations=268 (full 20):
 PSYoungGen      total 620544K, used 4656K [0x00000000d5580000, 0x00000000ff900000, 0x0000000100000000)
  eden space 553472K, 0% used [0x00000000d5580000,0x00000000d5580000,0x00000000f7200000)
  from space 67072K, 6% used [0x00000000fb780000,0x00000000fbc0c010,0x00000000ff900000)
  to   space 69120K, 0% used [0x00000000f7200000,0x00000000f7200000,0x00000000fb580000)
 ParOldGen       total 400896K, used 334612K [0x0000000080000000, 0x0000000098780000, 0x00000000d5580000)
  object space 400896K, 83% used [0x0000000080000000,0x00000000946c5100,0x0000000098780000)
 Metaspace       used 110319K, capacity 118330K, committed 118808K, reserved 1153024K
  class space    used 13735K, capacity 15168K, committed 15400K, reserved 1048576K
}
Event: 14916.216 GC heap before
{Heap before GC invocations=269 (full 20):
 PSYoungGen      total 620544K, used 558128K [0x00000000d5580000, 0x00000000ff900000, 0x0000000100000000)
  eden space 553472K, 100% used [0x00000000d5580000,0x00000000f7200000,0x00000000f7200000)
  from space 67072K, 6% used [0x00000000fb780000,0x00000000fbc0c010,0x00000000ff900000)
  to   space 69120K, 0% used [0x00000000f7200000,0x00000000f7200000,0x00000000fb580000)
 ParOldGen       total 400896K, used 334612K [0x0000000080000000, 0x0000000098780000, 0x00000000d5580000)
  object space 400896K, 83% used [0x0000000080000000,0x00000000946c5100,0x0000000098780000)
 Metaspace       used 110359K, capacity 118428K, committed 118808K, reserved 1153024K
  class space    used 13738K, capacity 15173K, committed 15400K, reserved 1048576K
Event: 14916.252 GC heap after
Heap after GC invocations=269 (full 20):
 PSYoungGen      total 622592K, used 22076K [0x00000000d5580000, 0x00000000ffa00000, 0x0000000100000000)
  eden space 553472K, 0% used [0x00000000d5580000,0x00000000d5580000,0x00000000f7200000)
  from space 69120K, 31% used [0x00000000f7200000,0x00000000f878f3e0,0x00000000fb580000)
  to   space 65024K, 0% used [0x00000000fba80000,0x00000000fba80000,0x00000000ffa00000)
 ParOldGen       total 400896K, used 336875K [0x0000000080000000, 0x0000000098780000, 0x00000000d5580000)
  object space 400896K, 84% used [0x0000000080000000,0x00000000948faf80,0x0000000098780000)
 Metaspace       used 110359K, capacity 118428K, committed 118808K, reserved 1153024K
  class space    used 13738K, capacity 15173K, committed 15400K, reserved 1048576K
}
Event: 14916.548 GC heap before
{Heap before GC invocations=270 (full 20):
 PSYoungGen      total 622592K, used 575548K [0x00000000d5580000, 0x00000000ffa00000, 0x0000000100000000)
  eden space 553472K, 100% used [0x00000000d5580000,0x00000000f7200000,0x00000000f7200000)
  from space 69120K, 31% used [0x00000000f7200000,0x00000000f878f3e0,0x00000000fb580000)
  to   space 65024K, 0% used [0x00000000fba80000,0x00000000fba80000,0x00000000ffa00000)
 ParOldGen       total 400896K, used 336875K [0x0000000080000000, 0x0000000098780000, 0x00000000d5580000)
  object space 400896K, 84% used [0x0000000080000000,0x00000000948fafa8,0x0000000098780000)
 Metaspace       used 110404K, capacity 118428K, committed 118808K, reserved 1153024K
  class space    used 13738K, capacity 15173K, committed 15400K, reserved 1048576K
Event: 14916.643 GC heap after
Heap after GC invocations=270 (full 20):
 PSYoungGen      total 618496K, used 33432K [0x00000000d5580000, 0x00000000ffa00000, 0x0000000100000000)
  eden space 553472K, 0% used [0x00000000d5580000,0x00000000d5580000,0x00000000f7200000)
  from space 65024K, 51% used [0x00000000fba80000,0x00000000fdb26090,0x00000000ffa00000)
  to   space 69120K, 0% used [0x00000000f7200000,0x00000000f7200000,0x00000000fb580000)
 ParOldGen       total 400896K, used 355964K [0x0000000080000000, 0x0000000098780000, 0x00000000d5580000)
  object space 400896K, 88% used [0x0000000080000000,0x0000000095b9f080,0x0000000098780000)
 Metaspace       used 110404K, capacity 118428K, committed 118808K, reserved 1153024K
  class space    used 13738K, capacity 15173K, committed 15400K, reserved 1048576K
}

