# JRE version: OpenJDK Runtime Environment (8.0_242-b01) (build 1.8.0_242-release-1644-b01)
# Java VM: OpenJDK 64-Bit Server VM (25.242-b01 mixed mode windows-amd64 compressed oops)
Heap:
 PSYoungGen      total 602624K, used 428217K [0x00000000d5580000, 0x00000000ffa80000, 0x0000000100000000)
  eden space 516096K, 81% used [0x00000000d5580000,0x00000000ef245e20,0x00000000f4d80000)
  from space 86528K, 6% used [0x00000000f4d80000,0x00000000f52e87b0,0x00000000fa200000)
  to   space 84480K, 0% used [0x00000000fa800000,0x00000000fa800000,0x00000000ffa80000)
 ParOldGen       total 310272K, used 195229K [0x0000000080000000, 0x0000000092f00000, 0x00000000d5580000)
  object space 310272K, 62% used [0x0000000080000000,0x000000008bea7448,0x0000000092f00000)
 Metaspace       used 95079K, capacity 100168K, committed 100392K, reserved 1136640K
  class space    used 12275K, capacity 13287K, committed 13352K, reserved 1048576K
GC Heap History (10 events):
Event: 1070.917 GC heap before
{Heap before GC invocations=42 (full 5):
 PSYoungGen      total 606208K, used 538377K [0x00000000d5580000, 0x0000000100000000, 0x0000000100000000)
  eden space 509952K, 100% used [0x00000000d5580000,0x00000000f4780000,0x00000000f4780000)
  from space 96256K, 29% used [0x00000000fa200000,0x00000000fbdc2740,0x0000000100000000)
  to   space 92672K, 0% used [0x00000000f4780000,0x00000000f4780000,0x00000000fa200000)
 ParOldGen       total 310272K, used 153582K [0x0000000080000000, 0x0000000092f00000, 0x00000000d5580000)
  object space 310272K, 49% used [0x0000000080000000,0x00000000895fbbf0,0x0000000092f00000)
 Metaspace       used 95000K, capacity 100094K, committed 100392K, reserved 1136640K
  class space    used 12274K, capacity 13286K, committed 13352K, reserved 1048576K
Event: 1072.372 GC heap after
Heap after GC invocations=42 (full 5):
 PSYoungGen      total 602624K, used 4384K [0x00000000d5580000, 0x00000000ffc80000, 0x0000000100000000)
  eden space 509952K, 0% used [0x00000000d5580000,0x00000000d5580000,0x00000000f4780000)
  from space 92672K, 4% used [0x00000000f4780000,0x00000000f4bc8000,0x00000000fa200000)
  to   space 92672K, 0% used [0x00000000fa200000,0x00000000fa200000,0x00000000ffc80000)
 ParOldGen       total 310272K, used 178306K [0x0000000080000000, 0x0000000092f00000, 0x00000000d5580000)
  object space 310272K, 57% used [0x0000000080000000,0x000000008ae20b60,0x0000000092f00000)
 Metaspace       used 95000K, capacity 100094K, committed 100392K, reserved 1136640K
  class space    used 12274K, capacity 13286K, committed 13352K, reserved 1048576K
}
Event: 1072.937 GC heap before
{Heap before GC invocations=43 (full 5):
 PSYoungGen      total 602624K, used 514336K [0x00000000d5580000, 0x00000000ffc80000, 0x0000000100000000)
  eden space 509952K, 100% used [0x00000000d5580000,0x00000000f4780000,0x00000000f4780000)
  from space 92672K, 4% used [0x00000000f4780000,0x00000000f4bc8000,0x00000000fa200000)
  to   space 92672K, 0% used [0x00000000fa200000,0x00000000fa200000,0x00000000ffc80000)
 ParOldGen       total 310272K, used 178306K [0x0000000080000000, 0x0000000092f00000, 0x00000000d5580000)
  object space 310272K, 57% used [0x0000000080000000,0x000000008ae20b60,0x0000000092f00000)
 Metaspace       used 95012K, capacity 100094K, committed 100392K, reserved 1136640K
  class space    used 12274K, capacity 13286K, committed 13352K, reserved 1048576K
Event: 1072.980 GC heap after
Heap after GC invocations=43 (full 5):
 PSYoungGen      total 603648K, used 8448K [0x00000000d5580000, 0x00000000ffe00000, 0x0000000100000000)
  eden space 510976K, 0% used [0x00000000d5580000,0x00000000d5580000,0x00000000f4880000)
  from space 92672K, 9% used [0x00000000fa200000,0x00000000faa40288,0x00000000ffc80000)
  to   space 91648K, 0% used [0x00000000f4880000,0x00000000f4880000,0x00000000fa200000)
 ParOldGen       total 310272K, used 181762K [0x0000000080000000, 0x0000000092f00000, 0x00000000d5580000)
  object space 310272K, 58% used [0x0000000080000000,0x000000008b180b40,0x0000000092f00000)
 Metaspace       used 95012K, capacity 100094K, committed 100392K, reserved 1136640K
  class space    used 12274K, capacity 13286K, committed 13352K, reserved 1048576K
}
Event: 1074.073 GC heap before
{Heap before GC invocations=44 (full 5):
 PSYoungGen      total 603648K, used 519424K [0x00000000d5580000, 0x00000000ffe00000, 0x0000000100000000)
  eden space 510976K, 100% used [0x00000000d5580000,0x00000000f4880000,0x00000000f4880000)
  from space 92672K, 9% used [0x00000000fa200000,0x00000000faa40288,0x00000000ffc80000)
  to   space 91648K, 0% used [0x00000000f4880000,0x00000000f4880000,0x00000000fa200000)
 ParOldGen       total 310272K, used 181762K [0x0000000080000000, 0x0000000092f00000, 0x00000000d5580000)
  object space 310272K, 58% used [0x0000000080000000,0x000000008b180b40,0x0000000092f00000)
 Metaspace       used 95023K, capacity 100100K, committed 100392K, reserved 1136640K
  class space    used 12275K, capacity 13287K, committed 13352K, reserved 1048576K
Event: 1074.134 GC heap after
Heap after GC invocations=44 (full 5):
 PSYoungGen      total 602624K, used 15557K [0x00000000d5580000, 0x00000000ff800000, 0x0000000100000000)
  eden space 510976K, 0% used [0x00000000d5580000,0x00000000d5580000,0x00000000f4880000)
  from space 91648K, 16% used [0x00000000f4880000,0x00000000f57b1648,0x00000000fa200000)
  to   space 88064K, 0% used [0x00000000fa200000,0x00000000fa200000,0x00000000ff800000)
 ParOldGen       total 310272K, used 187335K [0x0000000080000000, 0x0000000092f00000, 0x00000000d5580000)
  object space 310272K, 60% used [0x0000000080000000,0x000000008b6f1e70,0x0000000092f00000)
 Metaspace       used 95023K, capacity 100100K, committed 100392K, reserved 1136640K
  class space    used 12275K, capacity 13287K, committed 13352K, reserved 1048576K
}
Event: 1074.858 GC heap before
{Heap before GC invocations=45 (full 5):
 PSYoungGen      total 602624K, used 526533K [0x00000000d5580000, 0x00000000ff800000, 0x0000000100000000)
  eden space 510976K, 100% used [0x00000000d5580000,0x00000000f4880000,0x00000000f4880000)
  from space 91648K, 16% used [0x00000000f4880000,0x00000000f57b1648,0x00000000fa200000)
  to   space 88064K, 0% used [0x00000000fa200000,0x00000000fa200000,0x00000000ff800000)
 ParOldGen       total 310272K, used 187335K [0x0000000080000000, 0x0000000092f00000, 0x00000000d5580000)
  object space 310272K, 60% used [0x0000000080000000,0x000000008b6f1e70,0x0000000092f00000)
 Metaspace       used 95042K, capacity 100100K, committed 100392K, reserved 1136640K
  class space    used 12275K, capacity 13287K, committed 13352K, reserved 1048576K
Event: 1074.896 GC heap after
Heap after GC invocations=45 (full 5):
 PSYoungGen      total 604160K, used 6512K [0x00000000d5580000, 0x00000000ff980000, 0x0000000100000000)
  eden space 516096K, 0% used [0x00000000d5580000,0x00000000d5580000,0x00000000f4d80000)
  from space 88064K, 7% used [0x00000000fa200000,0x00000000fa85c010,0x00000000ff800000)
  to   space 86528K, 0% used [0x00000000f4d80000,0x00000000f4d80000,0x00000000fa200000)
 ParOldGen       total 310272K, used 192241K [0x0000000080000000, 0x0000000092f00000, 0x00000000d5580000)
  object space 310272K, 61% used [0x0000000080000000,0x000000008bbbc7f8,0x0000000092f00000)
 Metaspace       used 95042K, capacity 100100K, committed 100392K, reserved 1136640K
  class space    used 12275K, capacity 13287K, committed 13352K, reserved 1048576K
}
Event: 1076.579 GC heap before
{Heap before GC invocations=46 (full 5):
 PSYoungGen      total 604160K, used 522608K [0x00000000d5580000, 0x00000000ff980000, 0x0000000100000000)
  eden space 516096K, 100% used [0x00000000d5580000,0x00000000f4d80000,0x00000000f4d80000)
  from space 88064K, 7% used [0x00000000fa200000,0x00000000fa85c010,0x00000000ff800000)
  to   space 86528K, 0% used [0x00000000f4d80000,0x00000000f4d80000,0x00000000fa200000)
 ParOldGen       total 310272K, used 192241K [0x0000000080000000, 0x0000000092f00000, 0x00000000d5580000)
  object space 310272K, 61% used [0x0000000080000000,0x000000008bbbc7f8,0x0000000092f00000)
 Metaspace       used 95049K, capacity 100104K, committed 100392K, reserved 1136640K
  class space    used 12275K, capacity 13287K, committed 13352K, reserved 1048576K
Event: 1076.602 GC heap after
Heap after GC invocations=46 (full 5):
 PSYoungGen      total 602624K, used 5537K [0x00000000d5580000, 0x00000000ffa80000, 0x0000000100000000)
  eden space 516096K, 0% used [0x00000000d5580000,0x00000000d5580000,0x00000000f4d80000)
  from space 86528K, 6% used [0x00000000f4d80000,0x00000000f52e87b0,0x00000000fa200000)
  to   space 84480K, 0% used [0x00000000fa800000,0x00000000fa800000,0x00000000ffa80000)
 ParOldGen       total 310272K, used 195229K [0x0000000080000000, 0x0000000092f00000, 0x00000000d5580000)
  object space 310272K, 62% used [0x0000000080000000,0x000000008bea7448,0x0000000092f00000)
 Metaspace       used 95049K, capacity 100104K, committed 100392K, reserved 1136640K
  class space    used 12275K, capacity 13287K, committed 13352K, reserved 1048576K
}

